GROUP,PACKAGE,CLASS,INSTRUCTION_MISSED,INSTRUCTION_COVERED,BRANCH_MISSED,BRANCH_COVERED,LINE_MISSED,LINE_COVERED,COMPLEXITY_MISSED,COMPLEXITY_COVERED,METHOD_MISSED,METHOD_COVERED
WepaHarjoitus,laajaosk.wepa,ProductionConfiguration,6,0,0,0,2,0,2,0,2,0
WepaHarjoitus,laajaosk.wepa,WepaHarjoitusApplication,5,3,0,0,2,1,1,1,1,1
WepaHarjoitus,laajaosk.wepa.validator,CategoryValidator,0,58,0,10,0,14,0,7,0,2
WepaHarjoitus,laajaosk.wepa.validator,NewsValidator,18,172,7,23,5,44,7,17,0,9
WepaHarjoitus,laajaosk.wepa.service,NewsService,21,262,4,8,4,46,4,10,0,8
WepaHarjoitus,laajaosk.wepa.service,SearchService,0,24,0,0,0,5,0,2,0,2
WepaHarjoitus,laajaosk.wepa.service,CategoryService,21,76,4,4,4,21,3,5,0,4
WepaHarjoitus,laajaosk.wepa.service,LoginService,3,56,2,4,1,14,2,5,0,4
WepaHarjoitus,laajaosk.wepa.service,ModeratorService,22,413,6,20,5,91,6,22,0,15
